<?xml version="1.0" encoding="UTF-8"?>
<testng-results skipped="0" failed="0" total="1" passed="1">
  <reporter-output>
  </reporter-output>
  <suite name="AllTests" duration-ms="33972" started-at="2015-05-08T19:52:50Z" finished-at="2015-05-08T19:53:24Z">
    <groups>
    </groups>
    <test name="MyTests" duration-ms="33972" started-at="2015-05-08T19:52:50Z" finished-at="2015-05-08T19:53:24Z">
      <class name="com.test.MyTest">
        <test-method status="PASS" signature="scheduleTest(java.lang.String, java.lang.String)[pri:0, instance:com.test.MyTest@3f2a3a5]" name="scheduleTest" duration-ms="33939" started-at="2015-05-08T13:52:50Z" finished-at="2015-05-08T13:53:24Z">
          <params>
            <param index="0">
              <value>
                <![CDATA[anthonychung707@yahoo.com]]>
              </value>
            </param>
            <param index="1">
              <value>
                <![CDATA[Pollytest12]]>
              </value>
            </param>
          </params>
          <reporter-output>
          </reporter-output>
        </test-method> <!-- scheduleTest -->
      </class> <!-- com.test.MyTest -->
    </test> <!-- MyTests -->
  </suite> <!-- AllTests -->
</testng-results>
